# JRE version: OpenJDK Runtime Environment (8.0_152-b02) (build 1.8.0_152-release-1024-b02)
# Java VM: OpenJDK 64-Bit Server VM (25.152-b02 mixed mode windows-amd64 compressed oops)
Heap:
 PSYoungGen      total 468992K, used 380439K [0x00000000e0000000, 0x0000000100000000, 0x0000000100000000)
  eden space 417280K, 90% used [0x00000000e0000000,0x00000000f6fd5c58,0x00000000f9780000)
  from space 51712K, 7% used [0x00000000f9780000,0x00000000f9b30000,0x00000000fca00000)
  to   space 50688K, 0% used [0x00000000fce80000,0x00000000fce80000,0x0000000100000000)
 ParOldGen       total 203776K, used 164784K [0x00000000a0000000, 0x00000000ac700000, 0x00000000e0000000)
  object space 203776K, 80% used [0x00000000a0000000,0x00000000aa0ec0f0,0x00000000ac700000)
 Metaspace       used 168401K, capacity 179249K, committed 179584K, reserved 1206272K
  class space    used 21196K, capacity 23383K, committed 23476K, reserved 1048576K
GC Heap History (10 events):
Event: 4668.818 GC heap before
{Heap before GC invocations=60 (full 5):
 PSYoungGen      total 455168K, used 406236K [0x00000000e0000000, 0x00000000ffa80000, 0x0000000100000000)
  eden space 400896K, 100% used [0x00000000e0000000,0x00000000f8780000,0x00000000f8780000)
  from space 54272K, 9% used [0x00000000fc580000,0x00000000fcab7078,0x00000000ffa80000)
  to   space 58880K, 0% used [0x00000000f8780000,0x00000000f8780000,0x00000000fc100000)
 ParOldGen       total 203776K, used 156608K [0x00000000a0000000, 0x00000000ac700000, 0x00000000e0000000)
  object space 203776K, 76% used [0x00000000a0000000,0x00000000a98f0108,0x00000000ac700000)
 Metaspace       used 166531K, capacity 176543K, committed 176640K, reserved 1202176K
  class space    used 21027K, capacity 23032K, committed 23092K, reserved 1048576K
Event: 4668.950 GC heap after
Heap after GC invocations=60 (full 5):
 PSYoungGen      total 459776K, used 14105K [0x00000000e0000000, 0x00000000fff80000, 0x0000000100000000)
  eden space 400896K, 0% used [0x00000000e0000000,0x00000000e0000000,0x00000000f8780000)
  from space 58880K, 23% used [0x00000000f8780000,0x00000000f9546608,0x00000000fc100000)
  to   space 56320K, 0% used [0x00000000fc880000,0x00000000fc880000,0x00000000fff80000)
 ParOldGen       total 203776K, used 158626K [0x00000000a0000000, 0x00000000ac700000, 0x00000000e0000000)
  object space 203776K, 77% used [0x00000000a0000000,0x00000000a9ae8a50,0x00000000ac700000)
 Metaspace       used 166531K, capacity 176543K, committed 176640K, reserved 1202176K
  class space    used 21027K, capacity 23032K, committed 23092K, reserved 1048576K
}
Event: 4683.396 GC heap before
{Heap before GC invocations=61 (full 5):
 PSYoungGen      total 459776K, used 415001K [0x00000000e0000000, 0x00000000fff80000, 0x0000000100000000)
  eden space 400896K, 100% used [0x00000000e0000000,0x00000000f8780000,0x00000000f8780000)
  from space 58880K, 23% used [0x00000000f8780000,0x00000000f9546608,0x00000000fc100000)
  to   space 56320K, 0% used [0x00000000fc880000,0x00000000fc880000,0x00000000fff80000)
 ParOldGen       total 203776K, used 158626K [0x00000000a0000000, 0x00000000ac700000, 0x00000000e0000000)
  object space 203776K, 77% used [0x00000000a0000000,0x00000000a9ae8a50,0x00000000ac700000)
 Metaspace       used 167340K, capacity 177421K, committed 177536K, reserved 1204224K
  class space    used 21059K, capacity 23115K, committed 23220K, reserved 1048576K
Event: 4683.501 GC heap after
Heap after GC invocations=61 (full 5):
 PSYoungGen      total 458240K, used 15531K [0x00000000e0000000, 0x00000000ff880000, 0x0000000100000000)
  eden space 409088K, 0% used [0x00000000e0000000,0x00000000e0000000,0x00000000f8f80000)
  from space 49152K, 31% used [0x00000000fc880000,0x00000000fd7aafe8,0x00000000ff880000)
  to   space 53760K, 0% used [0x00000000f8f80000,0x00000000f8f80000,0x00000000fc400000)
 ParOldGen       total 203776K, used 163832K [0x00000000a0000000, 0x00000000ac700000, 0x00000000e0000000)
  object space 203776K, 80% used [0x00000000a0000000,0x00000000a9ffe0f0,0x00000000ac700000)
 Metaspace       used 167340K, capacity 177421K, committed 177536K, reserved 1204224K
  class space    used 21059K, capacity 23115K, committed 23220K, reserved 1048576K
}
Event: 4694.197 GC heap before
{Heap before GC invocations=62 (full 5):
 PSYoungGen      total 458240K, used 424177K [0x00000000e0000000, 0x00000000ff880000, 0x0000000100000000)
  eden space 409088K, 99% used [0x00000000e0000000,0x00000000f8f11688,0x00000000f8f80000)
  from space 49152K, 31% used [0x00000000fc880000,0x00000000fd7aafe8,0x00000000ff880000)
  to   space 53760K, 0% used [0x00000000f8f80000,0x00000000f8f80000,0x00000000fc400000)
 ParOldGen       total 203776K, used 163832K [0x00000000a0000000, 0x00000000ac700000, 0x00000000e0000000)
  object space 203776K, 80% used [0x00000000a0000000,0x00000000a9ffe0f0,0x00000000ac700000)
 Metaspace       used 167653K, capacity 177861K, committed 178048K, reserved 1204224K
  class space    used 21107K, capacity 23169K, committed 23220K, reserved 1048576K
Event: 4694.241 GC heap after
Heap after GC invocations=62 (full 5):
 PSYoungGen      total 462848K, used 2385K [0x00000000e0000000, 0x0000000100000000, 0x0000000100000000)
  eden space 409088K, 0% used [0x00000000e0000000,0x00000000e0000000,0x00000000f8f80000)
  from space 53760K, 4% used [0x00000000f8f80000,0x00000000f91d4538,0x00000000fc400000)
  to   space 53248K, 0% used [0x00000000fcc00000,0x00000000fcc00000,0x0000000100000000)
 ParOldGen       total 203776K, used 164520K [0x00000000a0000000, 0x00000000ac700000, 0x00000000e0000000)
  object space 203776K, 80% used [0x00000000a0000000,0x00000000aa0aa0f0,0x00000000ac700000)
 Metaspace       used 167653K, capacity 177861K, committed 178048K, reserved 1204224K
  class space    used 21107K, capacity 23169K, committed 23220K, reserved 1048576K
}
Event: 4709.030 GC heap before
{Heap before GC invocations=63 (full 5):
 PSYoungGen      total 462848K, used 411440K [0x00000000e0000000, 0x0000000100000000, 0x0000000100000000)
  eden space 409088K, 99% used [0x00000000e0000000,0x00000000f8f77c80,0x00000000f8f80000)
  from space 53760K, 4% used [0x00000000f8f80000,0x00000000f91d4538,0x00000000fc400000)
  to   space 53248K, 0% used [0x00000000fcc00000,0x00000000fcc00000,0x0000000100000000)
 ParOldGen       total 203776K, used 164520K [0x00000000a0000000, 0x00000000ac700000, 0x00000000e0000000)
  object space 203776K, 80% used [0x00000000a0000000,0x00000000aa0aa0f0,0x00000000ac700000)
 Metaspace       used 167756K, capacity 178023K, committed 178304K, reserved 1204224K
  class space    used 21118K, capacity 23186K, committed 23220K, reserved 1048576K
Event: 4709.041 GC heap after
Heap after GC invocations=63 (full 5):
 PSYoungGen      total 466944K, used 7607K [0x00000000e0000000, 0x00000000ffc80000, 0x0000000100000000)
  eden space 417280K, 0% used [0x00000000e0000000,0x00000000e0000000,0x00000000f9780000)
  from space 49664K, 15% used [0x00000000fcc00000,0x00000000fd36df88,0x00000000ffc80000)
  to   space 51712K, 0% used [0x00000000f9780000,0x00000000f9780000,0x00000000fca00000)
 ParOldGen       total 203776K, used 164704K [0x00000000a0000000, 0x00000000ac700000, 0x00000000e0000000)
  object space 203776K, 80% used [0x00000000a0000000,0x00000000aa0d80f0,0x00000000ac700000)
 Metaspace       used 167756K, capacity 178023K, committed 178304K, reserved 1204224K
  class space    used 21118K, capacity 23186K, committed 23220K, reserved 1048576K
}
Event: 4810.494 GC heap before
{Heap before GC invocations=64 (full 5):
 PSYoungGen      total 466944K, used 424887K [0x00000000e0000000, 0x00000000ffc80000, 0x0000000100000000)
  eden space 417280K, 100% used [0x00000000e0000000,0x00000000f9780000,0x00000000f9780000)
  from space 49664K, 15% used [0x00000000fcc00000,0x00000000fd36df88,0x00000000ffc80000)
  to   space 51712K, 0% used [0x00000000f9780000,0x00000000f9780000,0x00000000fca00000)
 ParOldGen       total 203776K, used 164704K [0x00000000a0000000, 0x00000000ac700000, 0x00000000e0000000)
  object space 203776K, 80% used [0x00000000a0000000,0x00000000aa0d80f0,0x00000000ac700000)
 Metaspace       used 168009K, capacity 178519K, committed 178688K, reserved 1204224K
  class space    used 21147K, capacity 23274K, committed 23348K, reserved 1048576K
Event: 4811.749 GC heap after
Heap after GC invocations=64 (full 5):
 PSYoungGen      total 468992K, used 3776K [0x00000000e0000000, 0x0000000100000000, 0x0000000100000000)
  eden space 417280K, 0% used [0x00000000e0000000,0x00000000e0000000,0x00000000f9780000)
  from space 51712K, 7% used [0x00000000f9780000,0x00000000f9b30000,0x00000000fca00000)
  to   space 50688K, 0% used [0x00000000fce80000,0x00000000fce80000,0x0000000100000000)
 ParOldGen       total 203776K, used 164784K [0x00000000a0000000, 0x00000000ac700000, 0x00000000e0000000)
  object space 203776K, 80% used [0x00000000a0000000,0x00000000aa0ec0f0,0x00000000ac700000)
 Metaspace       used 168009K, capacity 178519K, committed 178688K, reserved 1204224K
  class space    used 21147K, capacity 23274K, committed 23348K, reserved 1048576K
}

